Design Assistant report for BB_SYSTEM
Mon Apr 22 15:01:39 2019
Quartus Prime Version 18.1.0 Build 625 09/12/2018 SJ Lite Edition


---------------------
; Table of Contents ;
---------------------
  1. Legal Notice
  2. Design Assistant Summary
  3. Design Assistant Settings
  4. High Violations
  5. Medium Violations
  6. Information only Violations
  7. Design Assistant Messages



----------------
; Legal Notice ;
----------------
Copyright (C) 2018  Intel Corporation. All rights reserved.
Your use of Intel Corporation's design tools, logic functions 
and other software and tools, and its AMPP partner logic 
functions, and any output files from any of the foregoing 
(including device programming or simulation files), and any 
associated documentation or information are expressly subject 
to the terms and conditions of the Intel Program License 
Subscription Agreement, the Intel Quartus Prime License Agreement,
the Intel FPGA IP License Agreement, or other applicable license
agreement, including, without limitation, that your use is for
the sole purpose of programming logic devices manufactured by
Intel and sold by Intel or its authorized distributors.  Please
refer to the applicable agreement for further details.



+-------------------------------------------------------------------------+
; Design Assistant Summary                                                ;
+-----------------------------------+-------------------------------------+
; Design Assistant Status           ; Analyzed - Mon Apr 22 15:01:39 2019 ;
; Revision Name                     ; BB_SYSTEM                           ;
; Top-level Entity Name             ; BB_SYSTEM                           ;
; Family                            ; Cyclone IV E                        ;
; Total Critical Violations         ; 0                                   ;
; Total High Violations             ; 3                                   ;
; - Rule A103                       ; 1                                   ;
; - Rule A108                       ; 2                                   ;
; Total Medium Violations           ; 2                                   ;
; - Rule C104                       ; 1                                   ;
; - Rule R102                       ; 1                                   ;
; Total Information only Violations ; 61                                  ;
; - Rule T101                       ; 11                                  ;
; - Rule T102                       ; 50                                  ;
+-----------------------------------+-------------------------------------+


+--------------------------------------------------------------------------------------------------------------------------------------------------------------------------------------------+
; Design Assistant Settings                                                                                                                                                                  ;
+----------------------------------------------------------------------------------------------------------------------------------------------------------------------+----------------+----+
; Option                                                                                                                                                               ; Setting        ; To ;
+----------------------------------------------------------------------------------------------------------------------------------------------------------------------+----------------+----+
; Design Assistant mode                                                                                                                                                ; Post-Synthesis ;    ;
; Threshold value for clock net not mapped to clock spines rule                                                                                                        ; 25             ;    ;
; Minimum number of clock port feed by gated clocks                                                                                                                    ; 30             ;    ;
; Minimum number of node fan-out                                                                                                                                       ; 30             ;    ;
; Maximum number of nodes to report                                                                                                                                    ; 50             ;    ;
; Rule C101: Gated clock should be implemented according to the Intel FPGA standard scheme                                                                             ; On             ;    ;
; Rule C102: Logic cell should not be used to generate an inverted clock signal                                                                                        ; On             ;    ;
; Rule C103: Gated clock does not feed at least a pre-defined number of clock ports to effectively save power                                                          ; On             ;    ;
; Rule C104: Clock signal source should drive only clock input ports                                                                                                   ; On             ;    ;
; Rule C105: Clock signal should be a global signal                                                                                                                    ; On             ;    ;
; Rule C106: Clock signal source should not drive registers triggered by different clock edges                                                                         ; On             ;    ;
; Rule R101: Combinational logic used as a reset signal should be synchronized                                                                                         ; On             ;    ;
; Rule R102: External reset signals should be synchronized using two cascaded registers                                                                                ; On             ;    ;
; Rule R103: External reset signal should be correctly synchronized                                                                                                    ; On             ;    ;
; Rule R104: The reset signal that is generated in one clock domain and used in another clock domain should be correctly synchronized                                  ; On             ;    ;
; Rule R105: The reset signal that is generated in one clock domain and used in another clock domain should be synchronized                                            ; On             ;    ;
; Rule T101: Nodes with more than the specified number of fan-outs                                                                                                     ; On             ;    ;
; Rule T102: Top nodes with the highest number of fan-outs                                                                                                             ; On             ;    ;
; Rule A101: Design should not contain combinational loops                                                                                                             ; On             ;    ;
; Rule A102: Register output should not drive its own control signal directly or through combinational logic                                                           ; On             ;    ;
; Rule A103: Design should not contain delay chains                                                                                                                    ; On             ;    ;
; Rule A104: Design should not contain ripple clock structures                                                                                                         ; On             ;    ;
; Rule A105: Pulses should not be implemented asynchronously                                                                                                           ; On             ;    ;
; Rule A106: Multiple pulses should not be generated in design                                                                                                         ; On             ;    ;
; Rule A107: Design should not contain SR latches                                                                                                                      ; On             ;    ;
; Rule A108: Design should not contain latches                                                                                                                         ; On             ;    ;
; Rule S101: Output enable and input of the same tri-state node should not be driven by same signal source                                                             ; On             ;    ;
; Rule S102: Synchronous port and asynchronous port of the same register should not be driven by the same signal source                                                ; On             ;    ;
; Rule S103: More than one asynchronous port of a register should not be driven by the same signal source                                                              ; On             ;    ;
; Rule S104: Clock port and any other port of a register should not be driven by the same signal source                                                                ; On             ;    ;
; Rule D101: Data bits are not synchronized when transferred between asynchronous clock domains                                                                        ; On             ;    ;
; Rule D102: Multiple data bits that are transferred across asynchronous clock domains are synchronized, but not all bits may be aligned in the receiving clock domain ; On             ;    ;
; Rule D103: Data bits are not correctly synchronized when transferred between asynchronous clock domains                                                              ; On             ;    ;
+----------------------------------------------------------------------------------------------------------------------------------------------------------------------+----------------+----+


+---------------------------------------------------------------------------------------------------------------+
; High Violations                                                                                               ;
+-------------------------------------------------------------------+-------------------------------------------+
; Rule name                                                         ; Name                                      ;
+-------------------------------------------------------------------+-------------------------------------------+
; Rule A103: Design should not contain delay chains - Delay chain 1 ;                                           ;
;  Delay chain 1                                                    ; matrix_ctrl:matrix_ctrl_unit_0|clk_driver ;
; Rule A108: Design should not contain latches - Latch 1            ;                                           ;
;  Latch 1                                                          ; matrix_ctrl:matrix_ctrl_unit_0|ctrl_sr[0] ;
; Rule A108: Design should not contain latches - Latch 2            ;                                           ;
;  Latch 2                                                          ; matrix_ctrl:matrix_ctrl_unit_0|ctrl_sr[1] ;
+-------------------------------------------------------------------+-------------------------------------------+


+-------------------------------------------------------------------------------------------------------------------------------------------------------------------------------------+
; Medium Violations                                                                                                                                                                   ;
+---------------------------------------------------------------------------------------+---------------------------------------------------------------------------------------------+
; Rule name                                                                             ; Name                                                                                        ;
+---------------------------------------------------------------------------------------+---------------------------------------------------------------------------------------------+
; Rule C104: Clock signal source should drive only clock input ports                    ; matrix_ctrl:matrix_ctrl_unit_0|clk_driver                                                   ;
;  Clock ports destination node(s) list                                                 ; matrix_ctrl:matrix_ctrl_unit_0|shift_reg_start_done:shift_reg_start_done_unit_0|r_reg[14]   ;
;  Clock ports destination node(s) list                                                 ; matrix_ctrl:matrix_ctrl_unit_0|state_reg.MAIN_LOOP                                          ;
;  Clock ports destination node(s) list                                                 ; matrix_ctrl:matrix_ctrl_unit_0|shift_reg_start_done:shift_reg_start_done_unit_0|cnt_reg[15] ;
;  Clock ports destination node(s) list                                                 ; matrix_ctrl:matrix_ctrl_unit_0|state_reg.DISPLAY_TEST_OFF                                   ;
;  Clock ports destination node(s) list                                                 ; matrix_ctrl:matrix_ctrl_unit_0|state_reg.SET_DECODE_MODE_WAIT2FINISH                        ;
;  Clock ports destination node(s) list                                                 ; matrix_ctrl:matrix_ctrl_unit_0|state_reg.SET_DECODE_MODE                                    ;
;  Clock ports destination node(s) list                                                 ; matrix_ctrl:matrix_ctrl_unit_0|state_reg.INTENSITY_WAIT2FINISH                              ;
;  Clock ports destination node(s) list                                                 ; matrix_ctrl:matrix_ctrl_unit_0|state_reg.INTENSITY                                          ;
;  Clock ports destination node(s) list                                                 ; matrix_ctrl:matrix_ctrl_unit_0|state_reg.SET_SCAN_MODE_WAIT2FINISH                          ;
;  Clock ports destination node(s) list                                                 ; matrix_ctrl:matrix_ctrl_unit_0|state_reg.SET_SCAN_MODE                                      ;
;  Non-clock ports destination node(s) list                                             ; matrix_ctrl:matrix_ctrl_unit_0|clk_driver_reg~0                                             ;
; Rule R102: External reset signals should be synchronized using two cascaded registers ; BB_SYSTEM_RESET_InHigh                                                                      ;
;  Reset signal destination node(s) list                                                ; SC_STATEMACHINE:SC_STATEMACHINE_u0|STATE_Register.STATE_RESET                               ;
;  Reset signal destination node(s) list                                                ; SC_STATEMACHINE:SC_STATEMACHINE_u0|STATE_Register.STATE_PERDEDOR                            ;
;  Reset signal destination node(s) list                                                ; SC_STATEMACHINE:SC_STATEMACHINE_u0|STATE_Register.STATE_MOVIMIENTO                          ;
;  Reset signal destination node(s) list                                                ; SC_STATEMACHINE:SC_STATEMACHINE_u0|STATE_Register.STATE_CARGA_NIVEL                         ;
;  Reset signal destination node(s) list                                                ; SC_STATEMACHINE:SC_STATEMACHINE_u0|STATE_Register.STATE_CHECK_1                             ;
;  Reset signal destination node(s) list                                                ; SC_STATEMACHINE:SC_STATEMACHINE_u0|STATE_Register.STATE_CHECK                               ;
;  Reset signal destination node(s) list                                                ; SC_STATEMACHINE:SC_STATEMACHINE_u0|STATE_Register.STATE_START_1                             ;
;  Reset signal destination node(s) list                                                ; SC_STATEMACHINE:SC_STATEMACHINE_u0|STATE_Register.STATE_INSERT_COIN                         ;
;  Reset signal destination node(s) list                                                ; SC_STATEMACHINE:SC_STATEMACHINE_u0|STATE_Register.STATE_START                               ;
;  Reset signal destination node(s) list                                                ; SC_STATEMACHINE:SC_STATEMACHINE_u0|STATE_Register.STATE_REVISION                            ;
+---------------------------------------------------------------------------------------+---------------------------------------------------------------------------------------------+


+----------------------------------------------------------------------------------------------------------------------------------------------------------------------------------------------------+
; Information only Violations                                                                                                                                                                        ;
+------------------------------------------------------------------+-----------------------------------------------------------------------------------------------------------------------+---------+
; Rule name                                                        ; Name                                                                                                                  ; Fan-Out ;
+------------------------------------------------------------------+-----------------------------------------------------------------------------------------------------------------------+---------+
; Rule T101: Nodes with more than the specified number of fan-outs ; SC_STATEMACHINE:SC_STATEMACHINE_u0|STATE_Register.STATE_RESET~clkctrl                                                 ; 336     ;
; Rule T101: Nodes with more than the specified number of fan-outs ; SC_STATEMACHINE:SC_STATEMACHINE_u0|WideOr6~0                                                                          ; 68      ;
; Rule T101: Nodes with more than the specified number of fan-outs ; CV_NIVEL:CV_NIVEL_u0|SC_STATEMACHINENIVEL:SC_STATEMACHINENIVEL_u0|STATE_Register.STATE_RESET                          ; 71      ;
; Rule T101: Nodes with more than the specified number of fan-outs ; BB_SYSTEM_CLOCK_50~inputclkctrl                                                                                       ; 368     ;
; Rule T101: Nodes with more than the specified number of fan-outs ; matrix_ctrl:matrix_ctrl_unit_0|clk_driver~clkctrl                                                                     ; 50      ;
; Rule T101: Nodes with more than the specified number of fan-outs ; CV_TRANSICION:CV_TRANSICION_u0|SC_RegTRANSICIONTYPE:SC_RegTRANSICIONTYPE_u4|RegCARSTYPE_Register[13]~2                ; 64      ;
; Rule T101: Nodes with more than the specified number of fan-outs ; CV_TRANSICION:CV_TRANSICION_u0|SC_STATEMACHINETRANSICION:SC_STATEMACHINETRANSICION_u0|STATE_Register.STATE_RESET      ; 43      ;
; Rule T101: Nodes with more than the specified number of fan-outs ; CV_TRANSICION:CV_TRANSICION_u0|SC_RegTRANSICIONTYPE:SC_RegTRANSICIONTYPE_u4|RegCARSTYPE_Register[13]~0                ; 62      ;
; Rule T101: Nodes with more than the specified number of fan-outs ; CV_RANA:CV_RANA_u0|SC_RegFROGGERTYPE:SC_RegFROGGERTYPE_u0|RegFROGGERTYPE_Register[4]~5                                ; 64      ;
; Rule T101: Nodes with more than the specified number of fan-outs ; CV_RANA:CV_RANA_u0|SC_RegFROGGERTYPE:SC_RegFROGGERTYPE_u0|RegFROGGERTYPE_Register[4]~3                                ; 96      ;
; Rule T101: Nodes with more than the specified number of fan-outs ; CV_RANA:CV_RANA_u0|SC_RegFROGGERTYPE:SC_RegFROGGERTYPE_u0|RegFROGGERTYPE_Register[4]~2                                ; 96      ;
; Rule T102: Top nodes with the highest number of fan-outs         ; BB_SYSTEM_CLOCK_50~inputclkctrl                                                                                       ; 368     ;
; Rule T102: Top nodes with the highest number of fan-outs         ; SC_STATEMACHINE:SC_STATEMACHINE_u0|STATE_Register.STATE_RESET~clkctrl                                                 ; 336     ;
; Rule T102: Top nodes with the highest number of fan-outs         ; CV_RANA:CV_RANA_u0|SC_RegFROGGERTYPE:SC_RegFROGGERTYPE_u0|RegFROGGERTYPE_Register[4]~2                                ; 96      ;
; Rule T102: Top nodes with the highest number of fan-outs         ; CV_RANA:CV_RANA_u0|SC_RegFROGGERTYPE:SC_RegFROGGERTYPE_u0|RegFROGGERTYPE_Register[4]~3                                ; 96      ;
; Rule T102: Top nodes with the highest number of fan-outs         ; CV_NIVEL:CV_NIVEL_u0|SC_STATEMACHINENIVEL:SC_STATEMACHINENIVEL_u0|STATE_Register.STATE_RESET                          ; 71      ;
; Rule T102: Top nodes with the highest number of fan-outs         ; SC_STATEMACHINE:SC_STATEMACHINE_u0|WideOr6~0                                                                          ; 68      ;
; Rule T102: Top nodes with the highest number of fan-outs         ; CV_RANA:CV_RANA_u0|SC_RegFROGGERTYPE:SC_RegFROGGERTYPE_u0|RegFROGGERTYPE_Register[4]~5                                ; 64      ;
; Rule T102: Top nodes with the highest number of fan-outs         ; CV_TRANSICION:CV_TRANSICION_u0|SC_RegTRANSICIONTYPE:SC_RegTRANSICIONTYPE_u4|RegCARSTYPE_Register[13]~2                ; 64      ;
; Rule T102: Top nodes with the highest number of fan-outs         ; CV_TRANSICION:CV_TRANSICION_u0|SC_RegTRANSICIONTYPE:SC_RegTRANSICIONTYPE_u4|RegCARSTYPE_Register[13]~0                ; 62      ;
; Rule T102: Top nodes with the highest number of fan-outs         ; matrix_ctrl:matrix_ctrl_unit_0|clk_driver~clkctrl                                                                     ; 50      ;
; Rule T102: Top nodes with the highest number of fan-outs         ; CV_TRANSICION:CV_TRANSICION_u0|SC_STATEMACHINETRANSICION:SC_STATEMACHINETRANSICION_u0|STATE_Register.STATE_RESET      ; 43      ;
; Rule T102: Top nodes with the highest number of fan-outs         ; matrix_ctrl:matrix_ctrl_unit_0|Add2~0                                                                                 ; 24      ;
; Rule T102: Top nodes with the highest number of fan-outs         ; CV_CONTADOR:CV_CONTADOR_u0|CC_COMPFRECUENCIA:CC_COMPFRECUENCIA_u0|Equal0~4                                            ; 24      ;
; Rule T102: Top nodes with the highest number of fan-outs         ; matrix_ctrl:matrix_ctrl_unit_0|Add1~1                                                                                 ; 24      ;
; Rule T102: Top nodes with the highest number of fan-outs         ; CV_CONTADOR:CV_CONTADOR_u0|CC_COMPFRECUENCIA:CC_COMPFRECUENCIA_u0|Equal0~6                                            ; 24      ;
; Rule T102: Top nodes with the highest number of fan-outs         ; matrix_ctrl:matrix_ctrl_unit_0|ctrl_sr[1]                                                                             ; 23      ;
; Rule T102: Top nodes with the highest number of fan-outs         ; matrix_ctrl:matrix_ctrl_unit_0|ctrl_sr[0]                                                                             ; 23      ;
; Rule T102: Top nodes with the highest number of fan-outs         ; CV_TRANSICION:CV_TRANSICION_u0|SC_STATEMACHINETRANSICION:SC_STATEMACHINETRANSICION_u0|STATE_Register.STATE_LVL_MORI_1 ; 19      ;
; Rule T102: Top nodes with the highest number of fan-outs         ; matrix_ctrl:matrix_ctrl_unit_0|shift_reg_start_done:shift_reg_start_done_unit_0|Equal0~4                              ; 16      ;
; Rule T102: Top nodes with the highest number of fan-outs         ; matrix_ctrl:matrix_ctrl_unit_0|cur_col_reg[0]                                                                         ; 16      ;
; Rule T102: Top nodes with the highest number of fan-outs         ; matrix_ctrl:matrix_ctrl_unit_0|shift_reg_start_done:shift_reg_start_done_unit_0|cnt_reg[4]~50                         ; 16      ;
; Rule T102: Top nodes with the highest number of fan-outs         ; matrix_ctrl:matrix_ctrl_unit_0|shift_reg_start_done:shift_reg_start_done_unit_0|Mux0~1                                ; 15      ;
; Rule T102: Top nodes with the highest number of fan-outs         ; CV_TRANSICION:CV_TRANSICION_u0|SC_STATEMACHINETRANSICION:SC_STATEMACHINETRANSICION_u0|STATE_Register.STATE_LVL_3_1    ; 15      ;
; Rule T102: Top nodes with the highest number of fan-outs         ; CV_CONTADOR:CV_CONTADOR_u0|SC_upCOUNTER:SC_upCOUNTER_nivel|upCOUNTER_Register[0]                                      ; 15      ;
; Rule T102: Top nodes with the highest number of fan-outs         ; matrix_ctrl:matrix_ctrl_unit_0|state_reg.UPDATE_FRAME                                                                 ; 14      ;
; Rule T102: Top nodes with the highest number of fan-outs         ; CV_CONTADOR:CV_CONTADOR_u0|SC_upCOUNTER:SC_upCOUNTER_nivel|upCOUNTER_Register[1]                                      ; 14      ;
; Rule T102: Top nodes with the highest number of fan-outs         ; CV_CONTADOR:CV_CONTADOR_u0|SC_upCOUNTER:SC_upCOUNTER_nivel|upCOUNTER_Register[2]                                      ; 14      ;
; Rule T102: Top nodes with the highest number of fan-outs         ; SC_DEBOUNCE1:SC_DEBOUNCE1_u1|q_reg[10]                                                                                ; 13      ;
; Rule T102: Top nodes with the highest number of fan-outs         ; SC_DEBOUNCE1:SC_DEBOUNCE1_u2|q_reg[10]                                                                                ; 13      ;
; Rule T102: Top nodes with the highest number of fan-outs         ; SC_DEBOUNCE1:SC_DEBOUNCE1_u0|q_reg[10]                                                                                ; 13      ;
; Rule T102: Top nodes with the highest number of fan-outs         ; SC_DEBOUNCE1:SC_DEBOUNCE1_u3|q_reg[10]                                                                                ; 13      ;
; Rule T102: Top nodes with the highest number of fan-outs         ; SC_DEBOUNCE1:SC_DEBOUNCE1_u4|q_reg[10]                                                                                ; 13      ;
; Rule T102: Top nodes with the highest number of fan-outs         ; CV_TRANSICION:CV_TRANSICION_u0|SC_STATEMACHINETRANSICION:SC_STATEMACHINETRANSICION_u0|STATE_Register.STATE_LVL_4_1    ; 12      ;
; Rule T102: Top nodes with the highest number of fan-outs         ; CV_TRANSICION:CV_TRANSICION_u0|SC_STATEMACHINETRANSICION:SC_STATEMACHINETRANSICION_u0|STATE_Register.STATE_LVL_2_1    ; 12      ;
; Rule T102: Top nodes with the highest number of fan-outs         ; SC_STATEMACHINE:SC_STATEMACHINE_u0|STATE_Register.STATE_PERDEDOR                                                      ; 11      ;
; Rule T102: Top nodes with the highest number of fan-outs         ; CV_CARS_HOUSES:CV_CARS_HOUSES_u0|SC_STATEMACHINECARS:SC_STATEMACHINECARS_u0|STATE_Register.STATE_LVL_4_1              ; 10      ;
; Rule T102: Top nodes with the highest number of fan-outs         ; SC_DEBOUNCE1:SC_DEBOUNCE1_u4|q_reset                                                                                  ; 10      ;
; Rule T102: Top nodes with the highest number of fan-outs         ; SC_DEBOUNCE1:SC_DEBOUNCE1_u3|q_reset                                                                                  ; 10      ;
; Rule T102: Top nodes with the highest number of fan-outs         ; SC_DEBOUNCE1:SC_DEBOUNCE1_u0|q_reset                                                                                  ; 10      ;
; Rule T102: Top nodes with the highest number of fan-outs         ; SC_DEBOUNCE1:SC_DEBOUNCE1_u1|q_reset                                                                                  ; 10      ;
; Rule T102: Top nodes with the highest number of fan-outs         ; CV_TRANSICION:CV_TRANSICION_u0|SC_STATEMACHINETRANSICION:SC_STATEMACHINETRANSICION_u0|STATE_Register.STATE_LVL_1_1    ; 10      ;
; Rule T102: Top nodes with the highest number of fan-outs         ; SC_DEBOUNCE1:SC_DEBOUNCE1_u2|q_reset                                                                                  ; 10      ;
; Rule T102: Top nodes with the highest number of fan-outs         ; SC_STATEMACHINE:SC_STATEMACHINE_u0|WideOr9~0                                                                          ; 9       ;
; Rule T102: Top nodes with the highest number of fan-outs         ; CV_CARS_HOUSES:CV_CARS_HOUSES_u0|SC_RegCARSTYPE:SC_RegCARSTYPE_u1|RegCARSTYPE_Register[7]~0                           ; 9       ;
; Rule T102: Top nodes with the highest number of fan-outs         ; CV_TRANSICION:CV_TRANSICION_u0|SC_STATEMACHINETRANSICION:SC_STATEMACHINETRANSICION_u0|STATE_Register.STATE_LVL_5_1    ; 9       ;
; Rule T102: Top nodes with the highest number of fan-outs         ; matrix_ctrl:matrix_ctrl_unit_0|state_reg.UPDATE_FRAME_WAIT2FINISH                                                     ; 8       ;
; Rule T102: Top nodes with the highest number of fan-outs         ; SC_DEBOUNCE1:SC_DEBOUNCE1_u1|SC_DEBOUNCE1_button_Out                                                                  ; 7       ;
; Rule T102: Top nodes with the highest number of fan-outs         ; matrix_ctrl:matrix_ctrl_unit_0|cur_col_reg[1]                                                                         ; 7       ;
; Rule T102: Top nodes with the highest number of fan-outs         ; matrix_ctrl:matrix_ctrl_unit_0|shift_reg_start_done:shift_reg_start_done_unit_0|r_reg[5]~0                            ; 7       ;
; Rule T102: Top nodes with the highest number of fan-outs         ; CV_TRANSICION:CV_TRANSICION_u0|SC_RegTRANSICIONTYPE:SC_RegTRANSICIONTYPE_u3|RegCARSTYPE_Signal[15]~0                  ; 7       ;
+------------------------------------------------------------------+-----------------------------------------------------------------------------------------------------------------------+---------+


+---------------------------+
; Design Assistant Messages ;
+---------------------------+
Info: *******************************************************************
Info: Running Quartus Prime Design Assistant
    Info: Version 18.1.0 Build 625 09/12/2018 SJ Lite Edition
    Info: Processing started: Mon Apr 22 15:01:38 2019
Info: Command: quartus_drc BB_SYSTEM -c BB_SYSTEM
Warning (335093): The Timing Analyzer is analyzing 2 combinational loops as latches. For more details, run the Check Timing command in the Timing Analyzer or view the "User-Specified and Inferred Latches" table in the Analysis & Synthesis report.
Info (332104): Reading SDC File: 'BB_SYSTEM.sdc'
Info (332151): Clock uncertainty is not calculated until you update the timing netlist.
Warning (332060): Node: matrix_ctrl:matrix_ctrl_unit_0|clk_driver_reg~0 was determined to be a clock but was found without an associated clock assignment.
    Info (13166): Register matrix_ctrl:matrix_ctrl_unit_0|shift_reg_start_done:shift_reg_start_done_unit_0|r_reg[14] is being clocked by matrix_ctrl:matrix_ctrl_unit_0|clk_driver_reg~0
Warning (332060): Node: matrix_ctrl:matrix_ctrl_unit_0|state_reg.MAIN_LOOP was determined to be a clock but was found without an associated clock assignment.
    Info (13166): Latch matrix_ctrl:matrix_ctrl_unit_0|ctrl_sr[0] is being clocked by matrix_ctrl:matrix_ctrl_unit_0|state_reg.MAIN_LOOP
Info (332123): Deriving Clock Uncertainty. Please refer to report_sdc in the Timing Analyzer to see clock uncertainties.
Critical Warning (308035): (High) Rule A103: Design should not contain delay chains. Found 1 delay chains.
    Critical Warning (308012): Node  "matrix_ctrl:matrix_ctrl_unit_0|clk_driver" File: C:/Digitales/PRJ0_FROGGER_1/rtl/max7219_ctrl.v Line: 65
Critical Warning (308055): (High) Rule A108: Design should not contain latches. Found 2 latch(es) related to this rule.
    Critical Warning (308012): Node  "matrix_ctrl:matrix_ctrl_unit_0|ctrl_sr[0]" File: C:/Digitales/PRJ0_FROGGER_1/rtl/max7219_ctrl.v Line: 128
    Critical Warning (308012): Node  "matrix_ctrl:matrix_ctrl_unit_0|ctrl_sr[1]" File: C:/Digitales/PRJ0_FROGGER_1/rtl/max7219_ctrl.v Line: 128
Warning (308040): (Medium) Rule C104: Clock signal source should drive only clock input ports. Found 1 nodes related to this rule.
    Warning (308010): Node  "matrix_ctrl:matrix_ctrl_unit_0|clk_driver" File: C:/Digitales/PRJ0_FROGGER_1/rtl/max7219_ctrl.v Line: 65
Warning (308023): (Medium) Rule R102: External reset signals should be synchronized using two cascaded registers. Found 1 node(s) related to this rule.
    Warning (308010): Node  "BB_SYSTEM_RESET_InHigh" File: C:/Digitales/PRJ0_FROGGER_1/BB_SYSTEM.v Line: 34
Info (308046): (Information) Rule T101: Nodes with more than the specified number of fan-outs. (Value defined:30). Found 11 node(s) with highest fan-out.
    Info (308011): Node  "SC_STATEMACHINE:SC_STATEMACHINE_u0|STATE_Register.STATE_RESET~clkctrl" File: C:/Digitales/PRJ0_FROGGER_1/rtl/SC_STATEMACHINE.v Line: 80
    Info (308011): Node  "SC_STATEMACHINE:SC_STATEMACHINE_u0|WideOr6~0" File: C:/Digitales/PRJ0_FROGGER_1/rtl/SC_STATEMACHINE.v Line: 95
    Info (308011): Node  "CV_NIVEL:CV_NIVEL_u0|SC_STATEMACHINENIVEL:SC_STATEMACHINENIVEL_u0|STATE_Register.STATE_RESET" File: C:/Digitales/PRJ0_FROGGER_1/rtl/SC_STATEMACHINENIVEL.v Line: 75
    Info (308011): Node  "BB_SYSTEM_CLOCK_50~inputclkctrl" File: C:/Digitales/PRJ0_FROGGER_1/BB_SYSTEM.v Line: 33
    Info (308011): Node  "matrix_ctrl:matrix_ctrl_unit_0|clk_driver~clkctrl" File: C:/Digitales/PRJ0_FROGGER_1/rtl/max7219_ctrl.v Line: 65
    Info (308011): Node  "CV_TRANSICION:CV_TRANSICION_u0|SC_RegTRANSICIONTYPE:SC_RegTRANSICIONTYPE_u4|RegCARSTYPE_Register[13]~2" File: C:/Digitales/PRJ0_FROGGER_1/rtl/SC_RegTRANSICIONTYPE.v Line: 111
    Info (308011): Node  "CV_TRANSICION:CV_TRANSICION_u0|SC_STATEMACHINETRANSICION:SC_STATEMACHINETRANSICION_u0|STATE_Register.STATE_RESET" File: C:/Digitales/PRJ0_FROGGER_1/rtl/SC_STATEMACHINETRANSICION.v Line: 73
    Info (308011): Node  "CV_TRANSICION:CV_TRANSICION_u0|SC_RegTRANSICIONTYPE:SC_RegTRANSICIONTYPE_u4|RegCARSTYPE_Register[13]~0" File: C:/Digitales/PRJ0_FROGGER_1/rtl/SC_RegTRANSICIONTYPE.v Line: 111
    Info (308011): Node  "CV_RANA:CV_RANA_u0|SC_RegFROGGERTYPE:SC_RegFROGGERTYPE_u0|RegFROGGERTYPE_Register[4]~5" File: C:/Digitales/PRJ0_FROGGER_1/rtl/SC_RegFROGGERTYPE.v Line: 64
    Info (308011): Node  "CV_RANA:CV_RANA_u0|SC_RegFROGGERTYPE:SC_RegFROGGERTYPE_u0|RegFROGGERTYPE_Register[4]~3" File: C:/Digitales/PRJ0_FROGGER_1/rtl/SC_RegFROGGERTYPE.v Line: 64
    Info (308011): Node  "CV_RANA:CV_RANA_u0|SC_RegFROGGERTYPE:SC_RegFROGGERTYPE_u0|RegFROGGERTYPE_Register[4]~2" File: C:/Digitales/PRJ0_FROGGER_1/rtl/SC_RegFROGGERTYPE.v Line: 64
Info (308044): (Information) Rule T102: Top nodes with the highest number of fan-outs. (Value defined:50). Found 50 node(s) with highest fan-out.
    Info (308011): Node  "BB_SYSTEM_CLOCK_50~inputclkctrl" File: C:/Digitales/PRJ0_FROGGER_1/BB_SYSTEM.v Line: 33
    Info (308011): Node  "SC_STATEMACHINE:SC_STATEMACHINE_u0|STATE_Register.STATE_RESET~clkctrl" File: C:/Digitales/PRJ0_FROGGER_1/rtl/SC_STATEMACHINE.v Line: 80
    Info (308011): Node  "CV_RANA:CV_RANA_u0|SC_RegFROGGERTYPE:SC_RegFROGGERTYPE_u0|RegFROGGERTYPE_Register[4]~2" File: C:/Digitales/PRJ0_FROGGER_1/rtl/SC_RegFROGGERTYPE.v Line: 64
    Info (308011): Node  "CV_RANA:CV_RANA_u0|SC_RegFROGGERTYPE:SC_RegFROGGERTYPE_u0|RegFROGGERTYPE_Register[4]~3" File: C:/Digitales/PRJ0_FROGGER_1/rtl/SC_RegFROGGERTYPE.v Line: 64
    Info (308011): Node  "CV_NIVEL:CV_NIVEL_u0|SC_STATEMACHINENIVEL:SC_STATEMACHINENIVEL_u0|STATE_Register.STATE_RESET" File: C:/Digitales/PRJ0_FROGGER_1/rtl/SC_STATEMACHINENIVEL.v Line: 75
    Info (308011): Node  "SC_STATEMACHINE:SC_STATEMACHINE_u0|WideOr6~0" File: C:/Digitales/PRJ0_FROGGER_1/rtl/SC_STATEMACHINE.v Line: 95
    Info (308011): Node  "CV_RANA:CV_RANA_u0|SC_RegFROGGERTYPE:SC_RegFROGGERTYPE_u0|RegFROGGERTYPE_Register[4]~5" File: C:/Digitales/PRJ0_FROGGER_1/rtl/SC_RegFROGGERTYPE.v Line: 64
    Info (308011): Node  "CV_TRANSICION:CV_TRANSICION_u0|SC_RegTRANSICIONTYPE:SC_RegTRANSICIONTYPE_u4|RegCARSTYPE_Register[13]~2" File: C:/Digitales/PRJ0_FROGGER_1/rtl/SC_RegTRANSICIONTYPE.v Line: 111
    Info (308011): Node  "CV_TRANSICION:CV_TRANSICION_u0|SC_RegTRANSICIONTYPE:SC_RegTRANSICIONTYPE_u4|RegCARSTYPE_Register[13]~0" File: C:/Digitales/PRJ0_FROGGER_1/rtl/SC_RegTRANSICIONTYPE.v Line: 111
    Info (308011): Node  "matrix_ctrl:matrix_ctrl_unit_0|clk_driver~clkctrl" File: C:/Digitales/PRJ0_FROGGER_1/rtl/max7219_ctrl.v Line: 65
    Info (308011): Node  "CV_TRANSICION:CV_TRANSICION_u0|SC_STATEMACHINETRANSICION:SC_STATEMACHINETRANSICION_u0|STATE_Register.STATE_RESET" File: C:/Digitales/PRJ0_FROGGER_1/rtl/SC_STATEMACHINETRANSICION.v Line: 73
    Info (308011): Node  "matrix_ctrl:matrix_ctrl_unit_0|Add2~0" File: C:/Digitales/PRJ0_FROGGER_1/rtl/max7219_ctrl.v Line: 252
    Info (308011): Node  "CV_CONTADOR:CV_CONTADOR_u0|CC_COMPFRECUENCIA:CC_COMPFRECUENCIA_u0|Equal0~4" File: C:/Digitales/PRJ0_FROGGER_1/rtl/CC_COMPFRECUENCIA.v Line: 37
    Info (308011): Node  "matrix_ctrl:matrix_ctrl_unit_0|Add1~1" File: C:/Digitales/PRJ0_FROGGER_1/rtl/max7219_ctrl.v Line: 234
    Info (308011): Node  "CV_CONTADOR:CV_CONTADOR_u0|CC_COMPFRECUENCIA:CC_COMPFRECUENCIA_u0|Equal0~6" File: C:/Digitales/PRJ0_FROGGER_1/rtl/CC_COMPFRECUENCIA.v Line: 37
    Info (308011): Node  "matrix_ctrl:matrix_ctrl_unit_0|ctrl_sr[1]" File: C:/Digitales/PRJ0_FROGGER_1/rtl/max7219_ctrl.v Line: 128
    Info (308011): Node  "matrix_ctrl:matrix_ctrl_unit_0|ctrl_sr[0]" File: C:/Digitales/PRJ0_FROGGER_1/rtl/max7219_ctrl.v Line: 128
    Info (308011): Node  "CV_TRANSICION:CV_TRANSICION_u0|SC_STATEMACHINETRANSICION:SC_STATEMACHINETRANSICION_u0|STATE_Register.STATE_LVL_MORI_1" File: C:/Digitales/PRJ0_FROGGER_1/rtl/SC_STATEMACHINETRANSICION.v Line: 73
    Info (308011): Node  "matrix_ctrl:matrix_ctrl_unit_0|shift_reg_start_done:shift_reg_start_done_unit_0|Equal0~4" File: C:/Digitales/PRJ0_FROGGER_1/rtl/shift_reg_start_done.v Line: 81
    Info (308011): Node  "matrix_ctrl:matrix_ctrl_unit_0|cur_col_reg[0]" File: C:/Digitales/PRJ0_FROGGER_1/rtl/max7219_ctrl.v Line: 122
    Info (308011): Node  "matrix_ctrl:matrix_ctrl_unit_0|shift_reg_start_done:shift_reg_start_done_unit_0|cnt_reg[4]~50" File: C:/Digitales/PRJ0_FROGGER_1/rtl/shift_reg_start_done.v Line: 60
    Info (308011): Node  "matrix_ctrl:matrix_ctrl_unit_0|shift_reg_start_done:shift_reg_start_done_unit_0|Mux0~1" File: C:/Digitales/PRJ0_FROGGER_1/rtl/shift_reg_start_done.v Line: 69
    Info (308011): Node  "CV_TRANSICION:CV_TRANSICION_u0|SC_STATEMACHINETRANSICION:SC_STATEMACHINETRANSICION_u0|STATE_Register.STATE_LVL_3_1" File: C:/Digitales/PRJ0_FROGGER_1/rtl/SC_STATEMACHINETRANSICION.v Line: 73
    Info (308011): Node  "CV_CONTADOR:CV_CONTADOR_u0|SC_upCOUNTER:SC_upCOUNTER_nivel|upCOUNTER_Register[0]" File: C:/Digitales/PRJ0_FROGGER_1/rtl/SC_upCOUNTER.v Line: 64
    Info (308011): Node  "matrix_ctrl:matrix_ctrl_unit_0|state_reg.UPDATE_FRAME" File: C:/Digitales/PRJ0_FROGGER_1/rtl/max7219_ctrl.v Line: 112
    Info (308011): Node  "CV_CONTADOR:CV_CONTADOR_u0|SC_upCOUNTER:SC_upCOUNTER_nivel|upCOUNTER_Register[1]" File: C:/Digitales/PRJ0_FROGGER_1/rtl/SC_upCOUNTER.v Line: 64
    Info (308011): Node  "CV_CONTADOR:CV_CONTADOR_u0|SC_upCOUNTER:SC_upCOUNTER_nivel|upCOUNTER_Register[2]" File: C:/Digitales/PRJ0_FROGGER_1/rtl/SC_upCOUNTER.v Line: 64
    Info (308011): Node  "SC_DEBOUNCE1:SC_DEBOUNCE1_u1|q_reg[10]" File: C:/Digitales/PRJ0_FROGGER_1/rtl/SC_DEBOUNCE1.v Line: 77
    Info (308011): Node  "SC_DEBOUNCE1:SC_DEBOUNCE1_u2|q_reg[10]" File: C:/Digitales/PRJ0_FROGGER_1/rtl/SC_DEBOUNCE1.v Line: 77
    Info (308011): Node  "SC_DEBOUNCE1:SC_DEBOUNCE1_u0|q_reg[10]" File: C:/Digitales/PRJ0_FROGGER_1/rtl/SC_DEBOUNCE1.v Line: 77
    Info (308002): Truncated list of Design Assistant messages to 30 messages. Go to sections under Design Assistant section of Compilation Report for complete lists of Design Assistant messages generated.
Info (308006): Design Assistant information: finished post-synthesis analysis of current design -- generated 61 information messages and 5 warning messages
Info: Quartus Prime Design Assistant was successful. 0 errors, 12 warnings
    Info: Peak virtual memory: 4697 megabytes
    Info: Processing ended: Mon Apr 22 15:01:39 2019
    Info: Elapsed time: 00:00:01
    Info: Total CPU time (on all processors): 00:00:01


